<?xml version="1.0" encoding="UTF-8"?>
<testng-results skipped="0" failed="0" ignored="0" total="1" passed="1">
  <reporter-output>
  </reporter-output>
  <suite name="Default suite" duration-ms="32321" started-at="2019-12-03T15:50:04 IST" finished-at="2019-12-03T15:50:37 IST">
    <groups>
    </groups>
    <test name="Default test" duration-ms="32321" started-at="2019-12-03T15:50:04 IST" finished-at="2019-12-03T15:50:37 IST">
      <class name="com.Zerocode.java.Test1">
        <test-method status="PASS" signature="Testing()[pri:0, instance:com.Zerocode.java.Test1@56235b8e]" name="Testing" duration-ms="32213" started-at="2019-12-03T15:50:04 IST" finished-at="2019-12-03T15:50:37 IST">
          <reporter-output>
          </reporter-output>
        </test-method> <!-- Testing -->
      </class> <!-- com.Zerocode.java.Test1 -->
    </test> <!-- Default test -->
  </suite> <!-- Default suite -->
</testng-results>
